  [4;36;1mSQL (0.8ms)[0m   [0;1m SELECT name
 FROM sqlite_master
 WHERE type = 'table' AND NOT name = 'sqlite_sequence'
[0m
  [4;35;1mSQL (0.5ms)[0m   [0mselect sqlite_version(*)[0m
  [4;36;1mSQL (84.0ms)[0m   [0;1mCREATE TABLE "schema_migrations" ("version" varchar(255) NOT NULL) [0m
  [4;35;1mSQL (404.1ms)[0m   [0mCREATE UNIQUE INDEX "unique_schema_migrations" ON "schema_migrations" ("version")[0m
  [4;36;1mSQL (0.5ms)[0m   [0;1m SELECT name
 FROM sqlite_master
 WHERE type = 'table' AND NOT name = 'sqlite_sequence'
[0m
  [4;35;1mSQL (0.3ms)[0m   [0mSELECT version FROM schema_migrations[0m
Migrating to CreateStudents (20120306025303)
  [4;36;1mSQL (1.0ms)[0m   [0;1mCREATE TABLE "students" ("id" INTEGER PRIMARY KEY AUTOINCREMENT NOT NULL, "name" varchar(255), "age" integer, "email" varchar(255), "created_at" datetime, "updated_at" datetime) [0m
  [4;35;1mSQL (0.4ms)[0m   [0mINSERT INTO schema_migrations (version) VALUES ('20120306025303')[0m
Migrating to CreateCourses (20120306025332)
  [4;36;1mSQL (0.8ms)[0m   [0;1mCREATE TABLE "courses" ("id" INTEGER PRIMARY KEY AUTOINCREMENT NOT NULL, "code" varchar(255), "recommended_mark" integer, "title" varchar(255), "prerequisites" text, "created_at" datetime, "updated_at" datetime) [0m
  [4;35;1mSQL (0.3ms)[0m   [0mINSERT INTO schema_migrations (version) VALUES ('20120306025332')[0m
Migrating to CreateStudentCourses (20120306025406)
  [4;36;1mSQL (0.8ms)[0m   [0;1mCREATE TABLE "student_courses" ("id" INTEGER PRIMARY KEY AUTOINCREMENT NOT NULL, "mark" integer, "created_at" datetime, "updated_at" datetime) [0m
  [4;35;1mSQL (0.4ms)[0m   [0mINSERT INTO schema_migrations (version) VALUES ('20120306025406')[0m
  [4;36;1mSQL (0.8ms)[0m   [0;1m SELECT name
 FROM sqlite_master
 WHERE type = 'table' AND NOT name = 'sqlite_sequence'
[0m
  [4;35;1mSQL (0.6ms)[0m   [0mSELECT version FROM schema_migrations[0m
  [4;36;1mSQL (0.8ms)[0m   [0;1m SELECT name
 FROM sqlite_master
 WHERE type = 'table' AND NOT name = 'sqlite_sequence'
[0m
  [4;35;1mSQL (0.2ms)[0m   [0mPRAGMA index_list("courses")[0m
  [4;36;1mSQL (0.2ms)[0m   [0;1mPRAGMA index_list("student_courses")[0m
  [4;35;1mSQL (0.2ms)[0m   [0mPRAGMA index_list("students")[0m
  [4;36;1mSQL (1.6ms)[0m   [0;1m SELECT name
 FROM sqlite_master
 WHERE type = 'table' AND NOT name = 'sqlite_sequence'
[0m
  [4;35;1mSQL (0.7ms)[0m   [0mSELECT version FROM schema_migrations[0m
Migrating to CreateStudents (20120306025303)
Migrating to CreateCourses (20120306025332)
Migrating to CreateStudentCourses (20120306025406)
  [4;36;1mSQL (0.4ms)[0m   [0;1mselect sqlite_version(*)[0m
  [4;35;1mSQL (0.8ms)[0m   [0m SELECT name
 FROM sqlite_master
 WHERE type = 'table' AND NOT name = 'sqlite_sequence'
[0m
  [4;36;1mSQL (0.7ms)[0m   [0;1mSELECT version FROM schema_migrations[0m
  [4;35;1mSQL (0.8ms)[0m   [0m SELECT name
 FROM sqlite_master
 WHERE type = 'table' AND NOT name = 'sqlite_sequence'
[0m
  [4;36;1mSQL (0.2ms)[0m   [0;1mPRAGMA index_list("courses")[0m
  [4;35;1mSQL (0.2ms)[0m   [0mPRAGMA index_list("student_courses")[0m
  [4;36;1mSQL (0.2ms)[0m   [0;1mPRAGMA index_list("students")[0m
  [4;36;1mSQL (1.6ms)[0m   [0;1m SELECT name
 FROM sqlite_master
 WHERE type = 'table' AND NOT name = 'sqlite_sequence'
[0m
  [4;35;1mSQL (0.7ms)[0m   [0mSELECT version FROM schema_migrations[0m
Migrating to CreateStudents (20120306025303)
Migrating to CreateCourses (20120306025332)
  [4;36;1mSQL (0.4ms)[0m   [0;1mselect sqlite_version(*)[0m
  [4;35;1mSQL (0.8ms)[0m   [0m SELECT name
 FROM sqlite_master
 WHERE type = 'table' AND NOT name = 'sqlite_sequence'
[0m
  [4;36;1mSQL (0.6ms)[0m   [0;1mSELECT version FROM schema_migrations[0m
  [4;35;1mSQL (0.8ms)[0m   [0m SELECT name
 FROM sqlite_master
 WHERE type = 'table' AND NOT name = 'sqlite_sequence'
[0m
  [4;36;1mSQL (0.2ms)[0m   [0;1mPRAGMA index_list("courses")[0m
  [4;35;1mSQL (0.2ms)[0m   [0mPRAGMA index_list("student_courses")[0m
  [4;36;1mSQL (0.2ms)[0m   [0;1mPRAGMA index_list("students")[0m
  [4;36;1mSQL (1.6ms)[0m   [0;1m SELECT name
 FROM sqlite_master
 WHERE type = 'table' AND NOT name = 'sqlite_sequence'
[0m
  [4;35;1mSQL (0.7ms)[0m   [0mSELECT version FROM schema_migrations[0m
Migrating to CreateStudents (20120306025303)
Migrating to CreateCourses (20120306025332)
Migrating to CreateStudentCourses (20120306030057)
  [4;36;1mSQL (0.4ms)[0m   [0;1mselect sqlite_version(*)[0m
  [4;35;1mSQL (0.0ms)[0m   [0mSQLite3::SQLException: table "student_courses" already exists: CREATE TABLE "student_courses" ("id" INTEGER PRIMARY KEY AUTOINCREMENT NOT NULL, "mark" integer, "student_id" integer, "course_id" integer, "created_at" datetime, "updated_at" datetime) [0m
  [4;36;1mSQL (0.8ms)[0m   [0;1m SELECT name
 FROM sqlite_master
 WHERE type = 'table' AND NOT name = 'sqlite_sequence'
[0m
  [4;35;1mSQL (0.5ms)[0m   [0mselect sqlite_version(*)[0m
  [4;36;1mSQL (4.8ms)[0m   [0;1mCREATE TABLE "schema_migrations" ("version" varchar(255) NOT NULL) [0m
  [4;35;1mSQL (2.8ms)[0m   [0mCREATE UNIQUE INDEX "unique_schema_migrations" ON "schema_migrations" ("version")[0m
  [4;36;1mSQL (0.5ms)[0m   [0;1m SELECT name
 FROM sqlite_master
 WHERE type = 'table' AND NOT name = 'sqlite_sequence'
[0m
  [4;35;1mSQL (0.3ms)[0m   [0mSELECT version FROM schema_migrations[0m
Migrating to CreateStudents (20120306025303)
  [4;36;1mSQL (1.0ms)[0m   [0;1mCREATE TABLE "students" ("id" INTEGER PRIMARY KEY AUTOINCREMENT NOT NULL, "name" varchar(255), "age" integer, "email" varchar(255), "created_at" datetime, "updated_at" datetime) [0m
  [4;35;1mSQL (0.3ms)[0m   [0mINSERT INTO schema_migrations (version) VALUES ('20120306025303')[0m
Migrating to CreateCourses (20120306025332)
  [4;36;1mSQL (0.8ms)[0m   [0;1mCREATE TABLE "courses" ("id" INTEGER PRIMARY KEY AUTOINCREMENT NOT NULL, "code" varchar(255), "recommended_mark" integer, "title" varchar(255), "prerequisites" text, "created_at" datetime, "updated_at" datetime) [0m
  [4;35;1mSQL (0.3ms)[0m   [0mINSERT INTO schema_migrations (version) VALUES ('20120306025332')[0m
Migrating to CreateStudentCourses (20120306030057)
  [4;36;1mSQL (0.8ms)[0m   [0;1mCREATE TABLE "student_courses" ("id" INTEGER PRIMARY KEY AUTOINCREMENT NOT NULL, "mark" integer, "student_id" integer, "course_id" integer, "created_at" datetime, "updated_at" datetime) [0m
  [4;35;1mSQL (0.3ms)[0m   [0mINSERT INTO schema_migrations (version) VALUES ('20120306030057')[0m
  [4;36;1mSQL (0.8ms)[0m   [0;1m SELECT name
 FROM sqlite_master
 WHERE type = 'table' AND NOT name = 'sqlite_sequence'
[0m
  [4;35;1mSQL (0.6ms)[0m   [0mSELECT version FROM schema_migrations[0m
  [4;36;1mSQL (0.8ms)[0m   [0;1m SELECT name
 FROM sqlite_master
 WHERE type = 'table' AND NOT name = 'sqlite_sequence'
[0m
  [4;35;1mSQL (0.2ms)[0m   [0mPRAGMA index_list("courses")[0m
  [4;36;1mSQL (0.2ms)[0m   [0;1mPRAGMA index_list("student_courses")[0m
  [4;35;1mSQL (0.2ms)[0m   [0mPRAGMA index_list("students")[0m


Processing CoursesController#index (for 192.168.0.192 at 2012-03-05 22:04:36) [GET]
  [4;36;1mCourse Load (1.2ms)[0m   [0;1mSELECT * FROM "courses" [0m
Rendering template within layouts/courses
Rendering courses/index
Completed in 208ms (View: 170, DB: 1) | 200 OK [http://coruscant/courses]


Processing CoursesController#new (for 192.168.0.192 at 2012-03-05 22:04:39) [GET]
Rendering template within layouts/courses
Rendering courses/new
Completed in 43ms (View: 24, DB: 0) | 200 OK [http://coruscant/courses/new]


Processing CoursesController#index (for 192.168.0.192 at 2012-03-05 22:04:41) [GET]
  [4;35;1mCourse Load (0.9ms)[0m   [0mSELECT * FROM "courses" [0m
Rendering template within layouts/courses
Rendering courses/index
Completed in 19ms (View: 4, DB: 1) | 200 OK [http://coruscant/courses]


Processing CoursesController#index (for 192.168.0.192 at 2012-03-05 22:05:25) [GET]
  [4;36;1mCourse Load (1.2ms)[0m   [0;1mSELECT * FROM "courses" [0m
Rendering template within layouts/courses
Rendering courses/index
Completed in 200ms (View: 161, DB: 1) | 200 OK [http://coruscant/courses]


Processing CoursesController#new (for 192.168.0.192 at 2012-03-05 22:05:28) [GET]
Rendering template within layouts/courses
Rendering courses/new
Completed in 50ms (View: 31, DB: 0) | 200 OK [http://coruscant/courses/new]


Processing CoursesController#create (for 192.168.0.192 at 2012-03-05 22:05:45) [POST]
  Parameters: {"course"=>{"prerequisites"=>"", "title"=>"Grade 9 - English - Academic", "code"=>"ENG1D1", "recommended_mark"=>""}, "commit"=>"Create", "authenticity_token"=>"upUBbLp7UHMBo82aztzOhbuRt/3m/cp/Qzw30pl47+I="}
  [4;35;1mCourse Create (0.9ms)[0m   [0mINSERT INTO "courses" ("prerequisites", "created_at", "code", "title", "updated_at", "recommended_mark") VALUES('', '2012-03-06 03:05:45', 'ENG1D1', 'Grade 9 - English - Academic', '2012-03-06 03:05:45', NULL)[0m
Redirected to http://coruscant:3000/courses/1
Completed in 38ms (DB: 1) | 302 Found [http://coruscant/courses]


Processing CoursesController#show (for 192.168.0.192 at 2012-03-05 22:05:45) [GET]
  Parameters: {"id"=>"1"}
  [4;36;1mCourse Load (0.8ms)[0m   [0;1mSELECT * FROM "courses" WHERE ("courses"."id" = 1) [0m
Rendering template within layouts/courses
Rendering courses/show
Completed in 37ms (View: 18, DB: 1) | 200 OK [http://coruscant/courses/1]


Processing CoursesController#index (for 192.168.0.192 at 2012-03-05 22:05:48) [GET]
  [4;35;1mCourse Load (1.4ms)[0m   [0mSELECT * FROM "courses" [0m
Rendering template within layouts/courses
Rendering courses/index
Completed in 35ms (View: 19, DB: 1) | 200 OK [http://coruscant/courses]


Processing StudentCoursesController#index (for 192.168.0.192 at 2012-03-05 22:05:53) [GET]
  [4;36;1mStudentCourse Load (0.9ms)[0m   [0;1mSELECT * FROM "student_courses" [0m
Rendering template within layouts/student_courses
Rendering student_courses/index
Completed in 155ms (View: 33, DB: 1) | 200 OK [http://coruscant/student_courses]


Processing StudentCoursesController#new (for 192.168.0.192 at 2012-03-05 22:05:56) [GET]
Rendering template within layouts/student_courses
Rendering student_courses/new
Completed in 45ms (View: 28, DB: 0) | 200 OK [http://coruscant/student_courses/new]


Processing StudentCoursesController#index (for 192.168.0.192 at 2012-03-05 22:06:00) [GET]
  [4;35;1mStudentCourse Load (0.9ms)[0m   [0mSELECT * FROM "student_courses" [0m
Rendering template within layouts/student_courses
Rendering student_courses/index
Completed in 18ms (View: 4, DB: 1) | 200 OK [http://coruscant/student_courses]


Processing ApplicationController#index (for 192.168.0.192 at 2012-03-05 22:06:03) [GET]

NameError (uninitialized constant StudentsController):
  /usr/lib/ruby/1.8/active_support/dependencies.rb:443:in `load_missing_constant'
  /usr/lib/ruby/1.8/active_support/dependencies.rb:80:in `const_missing'
  /usr/lib/ruby/1.8/active_support/dependencies.rb:92:in `const_missing'
  /usr/lib/ruby/1.8/active_support/inflector.rb:361:in `constantize'
  /usr/lib/ruby/1.8/active_support/inflector.rb:360:in `each'
  /usr/lib/ruby/1.8/active_support/inflector.rb:360:in `constantize'
  /usr/lib/ruby/1.8/active_support/core_ext/string/inflections.rb:162:in `constantize'
  /usr/lib/ruby/1.8/action_controller/routing/route_set.rb:443:in `recognize'
  /usr/lib/ruby/1.8/action_controller/routing/route_set.rb:436:in `call'
  /usr/lib/ruby/1.8/action_controller/dispatcher.rb:87:in `dispatch'
  /usr/lib/ruby/1.8/action_controller/dispatcher.rb:121:in `_call'
  /usr/lib/ruby/1.8/action_controller/dispatcher.rb:130:in `build_middleware_stack'
  /usr/lib/ruby/1.8/active_record/query_cache.rb:29:in `call'
  /usr/lib/ruby/1.8/active_record/query_cache.rb:29:in `call'
  /usr/lib/ruby/1.8/active_record/connection_adapters/abstract/query_cache.rb:34:in `cache'
  /usr/lib/ruby/1.8/active_record/query_cache.rb:9:in `cache'
  /usr/lib/ruby/1.8/active_record/query_cache.rb:28:in `call'
  /usr/lib/ruby/1.8/active_record/connection_adapters/abstract/connection_pool.rb:361:in `call'
  /usr/lib/ruby/1.8/action_controller/string_coercion.rb:25:in `call'
  /usr/lib/ruby/1.8/action_controller/params_parser.rb:15:in `call'
  /usr/lib/ruby/1.8/action_controller/session/cookie_store.rb:93:in `call'
  /usr/lib/ruby/1.8/action_controller/failsafe.rb:26:in `call'
  /usr/lib/ruby/1.8/action_controller/dispatcher.rb:114:in `call'
  /usr/lib/ruby/1.8/action_controller/reloader.rb:34:in `run'
  /usr/lib/ruby/1.8/action_controller/dispatcher.rb:108:in `call'

Rendered rescues/_trace (63.2ms)
Rendered rescues/_request_and_response (3.6ms)
Rendering rescues/layout (internal_server_error)


Processing StudentsController#index (for 192.168.0.192 at 2012-03-05 22:06:44) [GET]
  [4;36;1mStudent Load (1.2ms)[0m   [0;1mSELECT * FROM "students" [0m
Rendering template within layouts/students
Rendering students/index
Completed in 200ms (View: 161, DB: 1) | 200 OK [http://coruscant/students]


Processing StudentsController#new (for 192.168.0.192 at 2012-03-05 22:06:46) [GET]
Rendering template within layouts/students
Rendering students/new
Completed in 48ms (View: 28, DB: 0) | 200 OK [http://coruscant/students/new]


Processing StudentsController#create (for 192.168.0.192 at 2012-03-05 22:06:59) [POST]
  Parameters: {"commit"=>"Create", "authenticity_token"=>"upUBbLp7UHMBo82aztzOhbuRt/3m/cp/Qzw30pl47+I=", "student"=>{"name"=>"Henry", "age"=>"14", "email"=>"whatever@urmom.com"}}
  [4;35;1mStudent Create (0.8ms)[0m   [0mINSERT INTO "students" ("name", "created_at", "updated_at", "age", "email") VALUES('Henry', '2012-03-06 03:06:59', '2012-03-06 03:06:59', 14, 'whatever@urmom.com')[0m
Redirected to http://coruscant:3000/students/1
Completed in 37ms (DB: 1) | 302 Found [http://coruscant/students]


Processing StudentsController#show (for 192.168.0.192 at 2012-03-05 22:06:59) [GET]
  Parameters: {"id"=>"1"}
  [4;36;1mStudent Load (0.8ms)[0m   [0;1mSELECT * FROM "students" WHERE ("students"."id" = 1) [0m
Rendering template within layouts/students
Rendering students/show
Completed in 36ms (View: 17, DB: 1) | 200 OK [http://coruscant/students/1]


Processing StudentCoursesController#index (for 192.168.0.192 at 2012-03-05 22:07:05) [GET]
  [4;35;1mStudentCourse Load (0.9ms)[0m   [0mSELECT * FROM "student_courses" [0m
Rendering template within layouts/student_courses
Rendering student_courses/index
Completed in 49ms (View: 32, DB: 1) | 200 OK [http://coruscant/student_courses]


Processing StudentCoursesController#new (for 192.168.0.192 at 2012-03-05 22:07:06) [GET]
Rendering template within layouts/student_courses
Rendering student_courses/new
Completed in 47ms (View: 29, DB: 0) | 200 OK [http://coruscant/student_courses/new]


Processing StudentCoursesController#create (for 192.168.0.192 at 2012-03-05 22:07:11) [POST]
  Parameters: {"student_course"=>{"student_id"=>"1", "mark"=>"80", "course_id"=>"1"}, "commit"=>"Create", "authenticity_token"=>"upUBbLp7UHMBo82aztzOhbuRt/3m/cp/Qzw30pl47+I="}
  [4;36;1mStudentCourse Create (0.7ms)[0m   [0;1mINSERT INTO "student_courses" ("student_id", "created_at", "updated_at", "mark", "course_id") VALUES(1, '2012-03-06 03:07:11', '2012-03-06 03:07:11', 80, 1)[0m
Redirected to http://coruscant:3000/student_courses/1
Completed in 31ms (DB: 1) | 302 Found [http://coruscant/student_courses]


Processing StudentCoursesController#show (for 192.168.0.192 at 2012-03-05 22:07:11) [GET]
  Parameters: {"id"=>"1"}
  [4;35;1mStudentCourse Load (0.8ms)[0m   [0mSELECT * FROM "student_courses" WHERE ("student_courses"."id" = 1) [0m
Rendering template within layouts/student_courses
Rendering student_courses/show
Completed in 36ms (View: 18, DB: 1) | 200 OK [http://coruscant/student_courses/1]


Processing StudentCoursesController#index (for 192.168.0.192 at 2012-03-05 22:07:14) [GET]
  [4;36;1mStudentCourse Load (1.3ms)[0m   [0;1mSELECT * FROM "student_courses" [0m
Rendering template within layouts/student_courses
Rendering student_courses/index
Completed in 33ms (View: 19, DB: 1) | 200 OK [http://coruscant/student_courses]


Processing StudentsController#show to xml (for 192.168.0.192 at 2012-03-05 22:09:18) [GET]
  Parameters: {"id"=>"1"}
  [4;36;1mStudent Load (0.8ms)[0m   [0;1mSELECT * FROM "students" WHERE ("students"."id" = 1) [0m
Completed in 360ms (View: 317, DB: 1) | 200 OK [http://coruscant/students/1.xml]
  [4;36;1mSQL (1.7ms)[0m   [0;1m SELECT name
 FROM sqlite_master
 WHERE type = 'table' AND NOT name = 'sqlite_sequence'
[0m


Processing StudentsController#index (for 192.168.0.192 at 2012-03-05 22:17:48) [GET]
  [4;36;1mStudent Load (1.7ms)[0m   [0;1mSELECT * FROM "students" [0m
Rendering template within layouts/students
Rendering students/index
Completed in 218ms (View: 178, DB: 2) | 200 OK [http://coruscant/students]


Processing StudentsController#new (for 192.168.0.192 at 2012-03-05 22:17:52) [GET]
Rendering template within layouts/students
Rendering students/new
Completed in 44ms (View: 26, DB: 0) | 200 OK [http://coruscant/students/new]


Processing StudentsController#create (for 192.168.0.192 at 2012-03-05 22:18:01) [POST]
  Parameters: {"commit"=>"Create", "authenticity_token"=>"upUBbLp7UHMBo82aztzOhbuRt/3m/cp/Qzw30pl47+I=", "student"=>{"name"=>"Lol", "age"=>"19", "email"=>"what"}}
Rendering template within layouts/students
Rendering students/new
Completed in 49ms (View: 26, DB: 0) | 200 OK [http://coruscant/students]


Processing StudentsController#show to xml (for 192.168.0.192 at 2012-03-05 22:36:33) [GET]
  Parameters: {"id"=>"1"}
  [4;35;1mStudent Load (0.8ms)[0m   [0mSELECT * FROM "students" WHERE ("students"."id" = 1) [0m
Completed in 139ms (View: 120, DB: 1) | 200 OK [http://coruscant/students/1.xml]


Processing StudentsController#show to xml (for 192.168.0.192 at 2012-03-05 22:36:38) [GET]
  Parameters: {"id"=>"3"}
  [4;36;1mStudent Load (0.4ms)[0m   [0;1mSELECT * FROM "students" WHERE ("students"."id" = 3) [0m

ActiveRecord::RecordNotFound (Couldn't find Student with ID=3):
  /usr/lib/ruby/1.8/active_record/base.rb:1586:in `find_one'
  /usr/lib/ruby/1.8/active_record/base.rb:1569:in `find_from_ids'
  /usr/lib/ruby/1.8/active_record/base.rb:616:in `find'
  app/controllers/students_controller.rb:16:in `show'
  /usr/lib/ruby/1.8/action_controller/base.rb:1331:in `send'
  /usr/lib/ruby/1.8/action_controller/base.rb:1331:in `perform_action_without_filters'
  /usr/lib/ruby/1.8/action_controller/filters.rb:617:in `call_filters'
  /usr/lib/ruby/1.8/action_controller/filters.rb:610:in `perform_action_without_benchmark'
  /usr/lib/ruby/1.8/action_controller/benchmarking.rb:68:in `perform_action_without_rescue'
  /usr/lib/ruby/1.8/action_controller/benchmarking.rb:68:in `perform_action_without_rescue'
  /usr/lib/ruby/1.8/action_controller/rescue.rb:160:in `perform_action_without_flash'
  /usr/lib/ruby/1.8/action_controller/flash.rb:146:in `perform_action'
  /usr/lib/ruby/1.8/action_controller/base.rb:532:in `send'
  /usr/lib/ruby/1.8/action_controller/base.rb:532:in `process_without_filters'
  /usr/lib/ruby/1.8/action_controller/filters.rb:606:in `process'
  /usr/lib/ruby/1.8/action_controller/base.rb:391:in `process'
  /usr/lib/ruby/1.8/action_controller/base.rb:386:in `call'
  /usr/lib/ruby/1.8/action_controller/routing/route_set.rb:437:in `call'
  /usr/lib/ruby/1.8/action_controller/dispatcher.rb:87:in `dispatch'
  /usr/lib/ruby/1.8/action_controller/dispatcher.rb:121:in `_call'
  /usr/lib/ruby/1.8/action_controller/dispatcher.rb:130:in `build_middleware_stack'
  /usr/lib/ruby/1.8/active_record/query_cache.rb:29:in `call'
  /usr/lib/ruby/1.8/active_record/query_cache.rb:29:in `call'
  /usr/lib/ruby/1.8/active_record/connection_adapters/abstract/query_cache.rb:34:in `cache'
  /usr/lib/ruby/1.8/active_record/query_cache.rb:9:in `cache'
  /usr/lib/ruby/1.8/active_record/query_cache.rb:28:in `call'
  /usr/lib/ruby/1.8/active_record/connection_adapters/abstract/connection_pool.rb:361:in `call'
  /usr/lib/ruby/1.8/action_controller/string_coercion.rb:25:in `call'
  /usr/lib/ruby/1.8/action_controller/params_parser.rb:15:in `call'
  /usr/lib/ruby/1.8/action_controller/session/cookie_store.rb:93:in `call'
  /usr/lib/ruby/1.8/action_controller/failsafe.rb:26:in `call'
  /usr/lib/ruby/1.8/action_controller/dispatcher.rb:114:in `call'
  /usr/lib/ruby/1.8/action_controller/reloader.rb:34:in `run'
  /usr/lib/ruby/1.8/action_controller/dispatcher.rb:108:in `call'

Rendered rescues/_trace (77.7ms)
Rendered rescues/_request_and_response (3.6ms)
Rendering rescues/layout (not_found)


Processing StudentsController#show to xml (for 192.168.0.192 at 2012-03-05 22:36:41) [GET]
  Parameters: {"id"=>"2"}
  [4;35;1mStudent Load (0.4ms)[0m   [0mSELECT * FROM "students" WHERE ("students"."id" = 2) [0m

ActiveRecord::RecordNotFound (Couldn't find Student with ID=2):
  /usr/lib/ruby/1.8/active_record/base.rb:1586:in `find_one'
  /usr/lib/ruby/1.8/active_record/base.rb:1569:in `find_from_ids'
  /usr/lib/ruby/1.8/active_record/base.rb:616:in `find'
  app/controllers/students_controller.rb:16:in `show'
  /usr/lib/ruby/1.8/action_controller/base.rb:1331:in `send'
  /usr/lib/ruby/1.8/action_controller/base.rb:1331:in `perform_action_without_filters'
  /usr/lib/ruby/1.8/action_controller/filters.rb:617:in `call_filters'
  /usr/lib/ruby/1.8/action_controller/filters.rb:610:in `perform_action_without_benchmark'
  /usr/lib/ruby/1.8/action_controller/benchmarking.rb:68:in `perform_action_without_rescue'
  /usr/lib/ruby/1.8/action_controller/benchmarking.rb:68:in `perform_action_without_rescue'
  /usr/lib/ruby/1.8/action_controller/rescue.rb:160:in `perform_action_without_flash'
  /usr/lib/ruby/1.8/action_controller/flash.rb:146:in `perform_action'
  /usr/lib/ruby/1.8/action_controller/base.rb:532:in `send'
  /usr/lib/ruby/1.8/action_controller/base.rb:532:in `process_without_filters'
  /usr/lib/ruby/1.8/action_controller/filters.rb:606:in `process'
  /usr/lib/ruby/1.8/action_controller/base.rb:391:in `process'
  /usr/lib/ruby/1.8/action_controller/base.rb:386:in `call'
  /usr/lib/ruby/1.8/action_controller/routing/route_set.rb:437:in `call'
  /usr/lib/ruby/1.8/action_controller/dispatcher.rb:87:in `dispatch'
  /usr/lib/ruby/1.8/action_controller/dispatcher.rb:121:in `_call'
  /usr/lib/ruby/1.8/action_controller/dispatcher.rb:130:in `build_middleware_stack'
  /usr/lib/ruby/1.8/active_record/query_cache.rb:29:in `call'
  /usr/lib/ruby/1.8/active_record/query_cache.rb:29:in `call'
  /usr/lib/ruby/1.8/active_record/connection_adapters/abstract/query_cache.rb:34:in `cache'
  /usr/lib/ruby/1.8/active_record/query_cache.rb:9:in `cache'
  /usr/lib/ruby/1.8/active_record/query_cache.rb:28:in `call'
  /usr/lib/ruby/1.8/active_record/connection_adapters/abstract/connection_pool.rb:361:in `call'
  /usr/lib/ruby/1.8/action_controller/string_coercion.rb:25:in `call'
  /usr/lib/ruby/1.8/action_controller/params_parser.rb:15:in `call'
  /usr/lib/ruby/1.8/action_controller/session/cookie_store.rb:93:in `call'
  /usr/lib/ruby/1.8/action_controller/failsafe.rb:26:in `call'
  /usr/lib/ruby/1.8/action_controller/dispatcher.rb:114:in `call'
  /usr/lib/ruby/1.8/action_controller/reloader.rb:34:in `run'
  /usr/lib/ruby/1.8/action_controller/dispatcher.rb:108:in `call'

Rendered rescues/_trace (70.2ms)
Rendered rescues/_request_and_response (0.9ms)
Rendering rescues/layout (not_found)


Processing StudentsController#show to xml (for 192.168.0.192 at 2012-03-05 22:36:44) [GET]
  Parameters: {"id"=>"1"}
  [4;36;1mStudent Load (0.8ms)[0m   [0;1mSELECT * FROM "students" WHERE ("students"."id" = 1) [0m
Completed in 28ms (View: 9, DB: 1) | 200 OK [http://coruscant/students/1.xml]
